<?xml version="1.0" encoding="UTF-8"?>
<!-- Generated by org.testng.reporters.JUnitReportReporter -->
<testsuite skipped="1" hostname="DESKTOP-74PA3RG" name="Functional.FunTest" tests="3" failures="0" timestamp="2021-10-18T23:17:16 IST" time="12.395" errors="0">
  <testcase name="testLinks" time="11.530" classname="Functional.FunTest"/>
  <system-out/>
  <testcase name="tearDown" time="0.865" classname="Functional.FunTest"/>
  <system-out/>
  <testcase name="checkBrokenLinks" classname="Functional.FunTest">
    <skipped/>
  </testcase> <!-- checkBrokenLinks -->
  <system-out/>
</testsuite> <!-- Functional.FunTest -->
