<?xml version="1.0" encoding="UTF-8"?>
<!-- Generated by org.testng.reporters.JUnitReportReporter -->
<testsuite skipped="0" hostname="DESKTOP-74PA3RG" name="Datadriven.OpenChrome" tests="1" failures="0" timestamp="2021-01-02T20:50:49 IST" time="31.264" errors="0">
  <testcase name="lauchTest" time="31.264" classname="Datadriven.OpenChrome"/>
  <system-out/>
</testsuite> <!-- Datadriven.OpenChrome -->
