<?xml version="1.0" encoding="UTF-8"?>
<!-- Generated by org.testng.reporters.JUnitReportReporter -->
<testsuite hostname="DESKTOP-94QUV5D" failures="0" tests="1" name="com.automationpractise.tests.TC_LoginTest_001" time="10.570" errors="0" timestamp="2022-03-27T00:02:35 PDT" skipped="0">
  <testcase classname="com.automationpractise.tests.TC_LoginTest_001" name="loginToApplication" time="10.570"/>
  <system-out/>
</testsuite> <!-- com.automationpractise.tests.TC_LoginTest_001 -->
