<?xml version="1.0" encoding="UTF-8"?>
<!-- Generated by org.testng.reporters.JUnitReportReporter -->
<testsuite skipped="0" hostname="DESKTOP-74PA3RG" name="Functional.Tables" tests="4" failures="0" timestamp="2021-03-28T22:23:43 IST" time="93.631" errors="0">
  <testcase name="printTableData" time="0.168" classname="Functional.Tables"/>
  <system-out/>
  <testcase name="printTableData" time="0.640" classname="Functional.Tables"/>
  <system-out/>
  <testcase name="htmlTables" time="41.736" classname="Functional.Tables"/>
  <system-out/>
  <testcase name="htmlTables" time="51.087" classname="Functional.Tables"/>
  <system-out/>
</testsuite> <!-- Functional.Tables -->
