<?xml version="1.0" encoding="UTF-8"?>
<!-- Generated by org.testng.reporters.JUnitReportReporter -->
<testsuite hostname="DESKTOP-94QUV5D" failures="0" tests="1" name="pack2.Failureoperation" time="0.000" errors="0" timestamp="2022-02-27T07:51:15 PST" skipped="0">
  <testcase classname="pack2.Failureoperation" name="foo2" time="0.000"/>
  <system-out/>
</testsuite> <!-- pack2.Failureoperation -->
