<?xml version="1.0" encoding="UTF-8"?>
<!-- Generated by org.testng.reporters.JUnitReportReporter -->
<testsuite skipped="0" hostname="DESKTOP-74PA3RG" name="Datadriven.Datagenerator" tests="1" failures="0" timestamp="2020-09-20T16:02:45 IST" time="0.015" errors="0">
  <testcase name="printArray" time="0.015" classname="Datadriven.Datagenerator"/>
  <system-out/>
</testsuite> <!-- Datadriven.Datagenerator -->
