<?xml version="1.0" encoding="UTF-8"?>
<!-- Generated by org.testng.reporters.JUnitReportReporter -->
<testsuite skipped="0" hostname="DESKTOP-74PA3RG" name="pack2.Failureoperation" tests="1" failures="0" timestamp="2022-01-25T22:44:38 IST" time="0.008" errors="0">
  <testcase name="test" time="0.008" classname="pack2.Failureoperation"/>
  <system-out/>
</testsuite> <!-- pack2.Failureoperation -->
