<?xml version="1.0" encoding="UTF-8"?>
<!-- Generated by org.testng.reporters.JUnitReportReporter -->
<testsuite skipped="2" hostname="DESKTOP-74PA3RG" name="Functional.Jsconcept" tests="3" failures="0" timestamp="2022-01-09T17:29:35 IST" time="0.147" errors="0">
  <testcase name="VerifyHomePage" time="0.147" classname="Functional.Jsconcept"/>
  <system-out/>
  <testcase name="cart" classname="Functional.Jsconcept">
    <skipped/>
  </testcase> <!-- cart -->
  <system-out/>
  <testcase name="jsAction" classname="Functional.Jsconcept">
    <skipped/>
  </testcase> <!-- jsAction -->
  <system-out/>
</testsuite> <!-- Functional.Jsconcept -->
