<?xml version="1.0" encoding="UTF-8"?>
<!-- Generated by org.testng.reporters.JUnitReportReporter -->
<testsuite hostname="DESKTOP-94QUV5D" failures="0" tests="1" name="com.automationpractise.tests.TC_LoginTest_001" time="26.296" errors="0" timestamp="2022-03-06T06:50:44 PST" skipped="0">
  <testcase classname="com.automationpractise.tests.TC_LoginTest_001" name="loginToApplication" time="26.296"/>
  <system-out/>
</testsuite> <!-- com.automationpractise.tests.TC_LoginTest_001 -->
