<?xml version="1.0" encoding="UTF-8"?>
<!-- Generated by org.testng.reporters.JUnitReportReporter -->
<testsuite skipped="0" hostname="DESKTOP-74PA3RG" name="Functional.MultipleLogin" tests="3" failures="0" timestamp="2021-05-15T13:29:19 IST" time="96.171" errors="0">
  <testcase name="login" time="37.670" classname="Functional.MultipleLogin"/>
  <system-out/>
  <testcase name="login" time="24.722" classname="Functional.MultipleLogin"/>
  <system-out/>
  <testcase name="login" time="33.779" classname="Functional.MultipleLogin"/>
  <system-out/>
</testsuite> <!-- Functional.MultipleLogin -->
