<?xml version="1.0" encoding="UTF-8"?>
<!-- Generated by org.testng.reporters.JUnitReportReporter -->
<testsuite skipped="0" hostname="DESKTOP-74PA3RG" name="Functional.DesiredCaps" tests="3" failures="0" timestamp="2021-02-08T11:36:36 IST" time="37.267" errors="0">
  <testcase name="headLess" time="11.362" classname="Functional.DesiredCaps"/>
  <system-out/>
  <testcase name="handleSSL" time="8.684" classname="Functional.DesiredCaps"/>
  <system-out/>
  <testcase name="incognitoLaunch" time="17.221" classname="Functional.DesiredCaps"/>
  <system-out/>
</testsuite> <!-- Functional.DesiredCaps -->
