<?xml version="1.0" encoding="UTF-8"?>
<!-- Generated by org.testng.reporters.JUnitReportReporter -->
<testsuite skipped="0" hostname="DESKTOP-74PA3RG" name="Reports.ExtentReportTests" tests="1" failures="0" timestamp="2021-11-29T14:01:33 IST" time="2.790" errors="0">
  <testcase name="reporConfiguration" time="2.790" classname="Reports.ExtentReportTests"/>
  <system-out/>
</testsuite> <!-- Reports.ExtentReportTests -->
