<?xml version="1.0" encoding="UTF-8"?>
<!-- Generated by org.testng.reporters.JUnitReportReporter -->
<testsuite skipped="0" hostname="DESKTOP-74PA3RG" name="MultiThreading.ParallelTesting" tests="2" failures="0" timestamp="2021-09-28T20:14:49 IST" time="36.259" errors="0">
  <testcase name="testParallel" time="0.015" classname="MultiThreading.ParallelTesting"/>
  <system-out/>
  <testcase name="run" time="36.244" classname="MultiThreading.ParallelTesting"/>
  <system-out/>
</testsuite> <!-- MultiThreading.ParallelTesting -->
