<?xml version="1.0" encoding="UTF-8"?>
<!-- Generated by org.testng.reporters.JUnitReportReporter -->
<testsuite skipped="0" hostname="DESKTOP-74PA3RG" name="Functional.SingltnTest" tests="1" failures="0" timestamp="2021-03-28T13:19:08 IST" time="31.403" errors="0">
  <testcase name="test" time="31.403" classname="Functional.SingltnTest"/>
  <system-out/>
</testsuite> <!-- Functional.SingltnTest -->
