<?xml version="1.0" encoding="UTF-8"?>
<!-- Generated by org.testng.reporters.JUnitReportReporter -->
<testsuite skipped="0" hostname="DESKTOP-74PA3RG" name="Functional.TestLog4j" tests="1" failures="0" timestamp="2021-08-28T20:47:27 IST" time="33.318" errors="0">
  <testcase name="doLogin" time="33.318" classname="Functional.TestLog4j"/>
  <system-out/>
</testsuite> <!-- Functional.TestLog4j -->
