<?xml version="1.0" encoding="UTF-8"?>
<!-- Generated by org.testng.reporters.JUnitReportReporter -->
<testsuite skipped="0" hostname="DESKTOP-74PA3RG" name="Functional.MultiThreadPacrise" tests="3" failures="0" timestamp="2021-05-09T13:20:48 IST" time="69.840" errors="0">
  <testcase name="automationPractisePage" time="21.845" classname="Functional.MultiThreadPacrise"/>
  <system-out/>
  <testcase name="googlePage" time="34.105" classname="Functional.MultiThreadPacrise"/>
  <system-out/>
  <testcase name="learnAutoPage" time="13.890" classname="Functional.MultiThreadPacrise"/>
  <system-out/>
</testsuite> <!-- Functional.MultiThreadPacrise -->
