<?xml version="1.0" encoding="UTF-8"?>
<!-- Generated by org.testng.reporters.JUnitReportReporter -->
<testsuite skipped="0" hostname="DESKTOP-74PA3RG" name="Functional.calenderaction" tests="3" failures="0" timestamp="2021-02-07T14:19:25 IST" time="20.224" errors="0">
  <testcase name="calenderOperation" time="18.131" classname="Functional.calenderaction"/>
  <system-out/>
  <testcase name="selectTravelDate" time="1.149" classname="Functional.calenderaction"/>
  <system-out/>
  <testcase name="selectReturnDate" time="0.944" classname="Functional.calenderaction"/>
  <system-out/>
</testsuite> <!-- Functional.calenderaction -->
