<?xml version="1.0" encoding="UTF-8"?>
<!-- Generated by org.testng.reporters.JUnitReportReporter -->
<testsuite hostname="DESKTOP-94QUV5D" failures="0" tests="1" name="com.automationpractise.utilities.ExcelReader" time="1.138" errors="0" timestamp="2022-03-06T08:56:28 GMT-08:00" skipped="0">
  <testcase classname="com.automationpractise.utilities.ExcelReader" name="readExcel" time="1.138"/>
  <system-out/>
</testsuite> <!-- com.automationpractise.utilities.ExcelReader -->
