<?xml version="1.0" encoding="UTF-8"?>
<!-- Generated by org.testng.reporters.JUnitReportReporter -->
<testsuite skipped="1" hostname="DESKTOP-74PA3RG" name="Smoke.FunctionalTests" tests="4" failures="0" timestamp="2022-01-14T14:15:11 IST" time="12.139" errors="0">
  <testcase name="launchApp" time="7.838" classname="Smoke.FunctionalTests"/>
  <system-out/>
  <testcase name="clickOnSignButton" time="3.981" classname="Smoke.FunctionalTests"/>
  <system-out/>
  <testcase name="loginToApp" time="0.320" classname="Smoke.FunctionalTests"/>
  <system-out/>
  <testcase name="tearDown" classname="Smoke.FunctionalTests">
    <skipped/>
  </testcase> <!-- tearDown -->
  <system-out/>
</testsuite> <!-- Smoke.FunctionalTests -->
