<?xml version="1.0" encoding="UTF-8"?>
<!-- Generated by org.testng.reporters.JUnitReportReporter -->
<testsuite hostname="DESKTOP-94QUV5D" failures="0" tests="1" name="BddRunner.TestNgAnnotationPractise" time="0.004" errors="0" timestamp="2022-03-12T20:05:43 GMT-08:00" skipped="0">
  <testcase classname="BddRunner.TestNgAnnotationPractise" name="test" time="0.004"/>
  <system-out/>
</testsuite> <!-- BddRunner.TestNgAnnotationPractise -->
