<?xml version="1.0" encoding="UTF-8"?>
<!-- Generated by org.testng.reporters.JUnitReportReporter -->
<testsuite skipped="1" hostname="DESKTOP-74PA3RG" name="Functional.ShadowEle" tests="2" failures="0" timestamp="2021-02-13T17:41:39 IST" time="13.056" errors="0">
  <testcase name="multipleShadow" time="13.056" classname="Functional.ShadowEle"/>
  <system-out/>
  <testcase name="handleShadowEle" classname="Functional.ShadowEle">
    <skipped/>
  </testcase> <!-- handleShadowEle -->
  <system-out/>
</testsuite> <!-- Functional.ShadowEle -->
