<?xml version="1.0" encoding="UTF-8"?>
<!-- Generated by org.testng.reporters.JUnitReportReporter -->
<testsuite skipped="0" hostname="DESKTOP-74PA3RG" name="Pack1.Pageobject" tests="1" failures="0" timestamp="2020-03-17T13:31:35 IST" time="0.013" errors="0">
  <testcase name="foo" time="0.013" classname="Pack1.Pageobject"/>
  <system-out/>
</testsuite> <!-- Pack1.Pageobject -->
