<?xml version="1.0" encoding="UTF-8"?>
<!-- Generated by org.testng.reporters.JUnitReportReporter -->
<testsuite skipped="3" hostname="DESKTOP-74PA3RG" name="Functional.Base2" tests="5" failures="0" timestamp="2021-02-01T07:29:54 IST" time="13.313" errors="0">
  <testcase name="openBrowser" time="0.007" classname="Functional.Base2"/>
  <system-out/>
  <testcase name="openBrowser" time="13.306" classname="Functional.Base2"/>
  <system-out/>
  <testcase name="clickOnImage" classname="Functional.Base2">
    <skipped/>
  </testcase> <!-- clickOnImage -->
  <system-out/>
  <testcase name="clickOnImage" classname="Functional.Base2">
    <skipped/>
  </testcase> <!-- clickOnImage -->
  <system-out/>
  <testcase name="clickOnImage" classname="Functional.Base2">
    <skipped/>
  </testcase> <!-- clickOnImage -->
  <system-out/>
</testsuite> <!-- Functional.Base2 -->
