<?xml version="1.0" encoding="UTF-8"?>
<!-- Generated by org.testng.reporters.JUnitReportReporter -->
<testsuite skipped="0" hostname="DESKTOP-74PA3RG" name="Datadriven.Test1" tests="3" failures="0" timestamp="2020-10-10T19:09:44 IST" time="75.124" errors="0">
  <testcase name="launchApp" time="25.192" classname="Datadriven.Test1"/>
  <system-out/>
  <testcase name="launchApp" time="25.829" classname="Datadriven.Test1"/>
  <system-out/>
  <testcase name="launchApp" time="24.103" classname="Datadriven.Test1"/>
  <system-out/>
</testsuite> <!-- Datadriven.Test1 -->
